<?xml version="1.0" encoding="utf-8"?><testsuites name="pytest tests"><testsuite name="pytest" errors="0" failures="0" skipped="0" tests="21" time="8.923" timestamp="2026-04-14T21:08:06.265883+00:00" hostname="agent-env-bf52e586-e796-415c-8ed0-64918aa092af"><testcase classname="tests.test_sales_crm_api.TestAuth" name="test_login_admin_success" time="0.636" /><testcase classname="tests.test_sales_crm_api.TestAuth" name="test_login_sales_success" time="0.407" /><testcase classname="tests.test_sales_crm_api.TestAuth" name="test_login_invalid_credentials" time="0.190" /><testcase classname="tests.test_sales_crm_api.TestAuth" name="test_get_me_with_token" time="0.386" /><testcase classname="tests.test_sales_crm_api.TestAuth" name="test_get_me_without_token" time="0.133" /><testcase classname="tests.test_sales_crm_api.TestLeads" name="test_list_leads_as_admin" time="0.472" /><testcase classname="tests.test_sales_crm_api.TestLeads" name="test_list_leads_as_sales" time="0.412" /><testcase classname="tests.test_sales_crm_api.TestLeads" name="test_create_lead_and_verify" time="0.508" /><testcase classname="tests.test_sales_crm_api.TestLeads" name="test_get_lead_detail" time="0.493" /><testcase classname="tests.test_sales_crm_api.TestLeads" name="test_update_lead" time="0.488" /><testcase classname="tests.test_sales_crm_api.TestCallSessions" name="test_create_call_session" time="0.452" /><testcase classname="tests.test_sales_crm_api.TestCallSessions" name="test_update_call_session" time="0.523" /><testcase classname="tests.test_sales_crm_api.TestCallSessions" name="test_list_call_sessions" time="0.409" /><testcase classname="tests.test_sales_crm_api.TestFollowUps" name="test_create_follow_up" time="0.429" /><testcase classname="tests.test_sales_crm_api.TestFollowUps" name="test_list_follow_ups" time="0.388" /><testcase classname="tests.test_sales_crm_api.TestFollowUps" name="test_list_follow_ups_by_tab" time="0.536" /><testcase classname="tests.test_sales_crm_api.TestDashboards" name="test_sales_dashboard" time="0.395" /><testcase classname="tests.test_sales_crm_api.TestDashboards" name="test_admin_dashboard" time="0.386" /><testcase classname="tests.test_sales_crm_api.TestDashboards" name="test_admin_dashboard_requires_admin_role" time="0.406" /><testcase classname="tests.test_sales_crm_api.TestUsers" name="test_list_users" time="0.379" /><testcase classname="tests.test_sales_crm_api.TestUsers" name="test_list_sales_users" time="0.377" /></testsuite></testsuites>